# JRE version: Java(TM) SE Runtime Environment 18.9 (11.0.14+8) (build 11.0.14+8-LTS-263)
# Java VM: Java HotSpot(TM) 64-Bit Server VM 18.9 (11.0.14+8-LTS-263, mixed mode, tiered, compressed oops, g1 gc, windows-amd64)
Heap:
 garbage-first heap   total 262144K, used 101788K [0x00000000e0000000, 0x0000000100000000)
  region size 1024K, 82 young (83968K), 4 survivors (4096K)
 Metaspace       used 34406K, capacity 35368K, committed 35632K, reserved 415744K
  class space    used 4608K, capacity 4968K, committed 4992K, reserved 385024K
GC Heap History (8 events):
Event: 1.190 GC heap before
{Heap before GC invocations=0 (full 0):
 garbage-first heap   total 262144K, used 27648K [0x00000000e0000000, 0x0000000100000000)
  region size 1024K, 24 young (24576K), 0 survivors (0K)
 Metaspace       used 7784K, capacity 7952K, committed 8192K, reserved 393216K
  class space    used 707K, capacity 761K, committed 768K, reserved 385024K
}
Event: 1.196 GC heap after
{Heap after GC invocations=1 (full 0):
 garbage-first heap   total 262144K, used 10549K [0x00000000e0000000, 0x0000000100000000)
  region size 1024K, 3 young (3072K), 3 survivors (3072K)
 Metaspace       used 7784K, capacity 7952K, committed 8192K, reserved 393216K
  class space    used 707K, capacity 761K, committed 768K, reserved 385024K
}
Event: 5.125 GC heap before
{Heap before GC invocations=1 (full 0):
 garbage-first heap   total 262144K, used 138549K [0x00000000e0000000, 0x0000000100000000)
  region size 1024K, 127 young (130048K), 3 survivors (3072K)
 Metaspace       used 20754K, capacity 21225K, committed 21296K, reserved 405504K
  class space    used 2490K, capacity 2668K, committed 2688K, reserved 385024K
}
Event: 5.132 GC heap after
{Heap after GC invocations=2 (full 0):
 garbage-first heap   total 262144K, used 19713K [0x00000000e0000000, 0x0000000100000000)
  region size 1024K, 11 young (11264K), 11 survivors (11264K)
 Metaspace       used 20754K, capacity 21225K, committed 21296K, reserved 405504K
  class space    used 2490K, capacity 2668K, committed 2688K, reserved 385024K
}
Event: 5.545 GC heap before
{Heap before GC invocations=3 (full 0):
 garbage-first heap   total 262144K, used 66817K [0x00000000e0000000, 0x0000000100000000)
  region size 1024K, 57 young (58368K), 11 survivors (11264K)
 Metaspace       used 24141K, capacity 24763K, committed 25008K, reserved 407552K
  class space    used 3035K, capacity 3283K, committed 3328K, reserved 385024K
}
Event: 5.552 GC heap after
{Heap after GC invocations=4 (full 0):
 garbage-first heap   total 262144K, used 21084K [0x00000000e0000000, 0x0000000100000000)
  region size 1024K, 2 young (2048K), 2 survivors (2048K)
 Metaspace       used 24141K, capacity 24763K, committed 25008K, reserved 407552K
  class space    used 3035K, capacity 3283K, committed 3328K, reserved 385024K
}
Event: 286.276 GC heap before
{Heap before GC invocations=4 (full 0):
 garbage-first heap   total 262144K, used 116316K [0x00000000e0000000, 0x0000000100000000)
  region size 1024K, 95 young (97280K), 2 survivors (2048K)
 Metaspace       used 28726K, capacity 29514K, committed 29616K, reserved 411648K
  class space    used 3725K, capacity 4029K, committed 4096K, reserved 385024K
}
Event: 286.368 GC heap after
{Heap after GC invocations=5 (full 0):
 garbage-first heap   total 262144K, used 22940K [0x00000000e0000000, 0x0000000100000000)
  region size 1024K, 4 young (4096K), 4 survivors (4096K)
 Metaspace       used 28726K, capacity 29514K, committed 29616K, reserved 411648K
  class space    used 3725K, capacity 4029K, committed 4096K, reserved 385024K
}

