# JRE version: Java(TM) SE Runtime Environment 18.9 (11.0.14+8) (build 11.0.14+8-LTS-263)
# Java VM: Java HotSpot(TM) 64-Bit Server VM 18.9 (11.0.14+8-LTS-263, mixed mode, tiered, compressed oops, g1 gc, windows-amd64)
Heap:
 garbage-first heap   total 262144K, used 51507K [0x00000000e0000000, 0x0000000100000000)
  region size 1024K, 33 young (33792K), 6 survivors (6144K)
 Metaspace       used 38007K, capacity 39099K, committed 39248K, reserved 419840K
  class space    used 5087K, capacity 5506K, committed 5632K, reserved 385024K
GC Heap History (10 events):
Event: 2.716 GC heap before
{Heap before GC invocations=0 (full 0):
 garbage-first heap   total 262144K, used 27648K [0x00000000e0000000, 0x0000000100000000)
  region size 1024K, 24 young (24576K), 0 survivors (0K)
 Metaspace       used 7775K, capacity 7968K, committed 8192K, reserved 393216K
  class space    used 707K, capacity 761K, committed 768K, reserved 385024K
}
Event: 2.725 GC heap after
{Heap after GC invocations=1 (full 0):
 garbage-first heap   total 262144K, used 10942K [0x00000000e0000000, 0x0000000100000000)
  region size 1024K, 3 young (3072K), 3 survivors (3072K)
 Metaspace       used 7775K, capacity 7968K, committed 8192K, reserved 393216K
  class space    used 707K, capacity 761K, committed 768K, reserved 385024K
}
Event: 8.259 GC heap before
{Heap before GC invocations=1 (full 0):
 garbage-first heap   total 262144K, used 138942K [0x00000000e0000000, 0x0000000100000000)
  region size 1024K, 127 young (130048K), 3 survivors (3072K)
 Metaspace       used 20696K, capacity 21177K, committed 21296K, reserved 405504K
  class space    used 2480K, capacity 2668K, committed 2688K, reserved 385024K
}
Event: 8.270 GC heap after
{Heap after GC invocations=2 (full 0):
 garbage-first heap   total 262144K, used 19798K [0x00000000e0000000, 0x0000000100000000)
  region size 1024K, 11 young (11264K), 11 survivors (11264K)
 Metaspace       used 20696K, capacity 21177K, committed 21296K, reserved 405504K
  class space    used 2480K, capacity 2668K, committed 2688K, reserved 385024K
}
Event: 9.507 GC heap before
{Heap before GC invocations=3 (full 0):
 garbage-first heap   total 262144K, used 91478K [0x00000000e0000000, 0x0000000100000000)
  region size 1024K, 81 young (82944K), 11 survivors (11264K)
 Metaspace       used 25659K, capacity 26364K, committed 26544K, reserved 409600K
  class space    used 3294K, capacity 3553K, committed 3584K, reserved 385024K
}
Event: 9.516 GC heap after
{Heap after GC invocations=4 (full 0):
 garbage-first heap   total 262144K, used 22034K [0x00000000e0000000, 0x0000000100000000)
  region size 1024K, 3 young (3072K), 3 survivors (3072K)
 Metaspace       used 25659K, capacity 26364K, committed 26544K, reserved 409600K
  class space    used 3294K, capacity 3553K, committed 3584K, reserved 385024K
}
Event: 336.382 GC heap before
{Heap before GC invocations=4 (full 0):
 garbage-first heap   total 262144K, used 149010K [0x00000000e0000000, 0x0000000100000000)
  region size 1024K, 127 young (130048K), 3 survivors (3072K)
 Metaspace       used 32041K, capacity 32900K, committed 32944K, reserved 413696K
  class space    used 4256K, capacity 4582K, committed 4608K, reserved 385024K
}
Event: 336.427 GC heap after
{Heap after GC invocations=5 (full 0):
 garbage-first heap   total 262144K, used 24218K [0x00000000e0000000, 0x0000000100000000)
  region size 1024K, 5 young (5120K), 5 survivors (5120K)
 Metaspace       used 32041K, capacity 32900K, committed 32944K, reserved 413696K
  class space    used 4256K, capacity 4582K, committed 4608K, reserved 385024K
}
Event: 338.999 GC heap before
{Heap before GC invocations=5 (full 0):
 garbage-first heap   total 262144K, used 59034K [0x00000000e0000000, 0x0000000100000000)
  region size 1024K, 40 young (40960K), 5 survivors (5120K)
 Metaspace       used 34850K, capacity 35787K, committed 35920K, reserved 417792K
  class space    used 4686K, capacity 5060K, committed 5120K, reserved 385024K
}
Event: 339.010 GC heap after
{Heap after GC invocations=6 (full 0):
 garbage-first heap   total 262144K, used 24883K [0x00000000e0000000, 0x0000000100000000)
  region size 1024K, 6 young (6144K), 6 survivors (6144K)
 Metaspace       used 34850K, capacity 35787K, committed 35920K, reserved 417792K
  class space    used 4686K, capacity 5060K, committed 5120K, reserved 385024K
}

