# JRE version: Java(TM) SE Runtime Environment 18.9 (11.0.14+8) (build 11.0.14+8-LTS-263)
# Java VM: Java HotSpot(TM) 64-Bit Server VM 18.9 (11.0.14+8-LTS-263, mixed mode, tiered, compressed oops, g1 gc, windows-amd64)
Heap:
 garbage-first heap   total 262144K, used 112782K [0x00000000e0000000, 0x0000000100000000)
  region size 1024K, 89 young (91136K), 6 survivors (6144K)
 Metaspace       used 43752K, capacity 44986K, committed 45264K, reserved 425984K
  class space    used 5651K, capacity 6147K, committed 6272K, reserved 385024K
GC Heap History (10 events):
Event: 13.583 GC heap before
{Heap before GC invocations=1 (full 0):
 garbage-first heap   total 262144K, used 138646K [0x00000000e0000000, 0x0000000100000000)
  region size 1024K, 127 young (130048K), 3 survivors (3072K)
 Metaspace       used 20679K, capacity 21145K, committed 21296K, reserved 405504K
  class space    used 2472K, capacity 2636K, committed 2688K, reserved 385024K
}
Event: 13.592 GC heap after
{Heap after GC invocations=2 (full 0):
 garbage-first heap   total 262144K, used 19807K [0x00000000e0000000, 0x0000000100000000)
  region size 1024K, 11 young (11264K), 11 survivors (11264K)
 Metaspace       used 20679K, capacity 21145K, committed 21296K, reserved 405504K
  class space    used 2472K, capacity 2636K, committed 2688K, reserved 385024K
}
Event: 14.302 GC heap before
{Heap before GC invocations=3 (full 0):
 garbage-first heap   total 262144K, used 42335K [0x00000000e0000000, 0x0000000100000000)
  region size 1024K, 34 young (34816K), 11 survivors (11264K)
 Metaspace       used 22630K, capacity 23264K, committed 23472K, reserved 405504K
  class space    used 2770K, capacity 3030K, committed 3072K, reserved 385024K
}
Event: 14.307 GC heap after
{Heap after GC invocations=4 (full 0):
 garbage-first heap   total 262144K, used 20382K [0x00000000e0000000, 0x0000000100000000)
  region size 1024K, 1 young (1024K), 1 survivors (1024K)
 Metaspace       used 22630K, capacity 23264K, committed 23472K, reserved 405504K
  class space    used 2770K, capacity 3030K, committed 3072K, reserved 385024K
}
Event: 15.077 GC heap before
{Heap before GC invocations=4 (full 0):
 garbage-first heap   total 262144K, used 93086K [0x00000000e0000000, 0x0000000100000000)
  region size 1024K, 72 young (73728K), 1 survivors (1024K)
 Metaspace       used 27169K, capacity 27836K, committed 28080K, reserved 409600K
  class space    used 3531K, capacity 3766K, committed 3840K, reserved 385024K
}
Event: 15.080 GC heap after
{Heap after GC invocations=5 (full 0):
 garbage-first heap   total 262144K, used 22026K [0x00000000e0000000, 0x0000000100000000)
  region size 1024K, 3 young (3072K), 3 survivors (3072K)
 Metaspace       used 27169K, capacity 27836K, committed 28080K, reserved 409600K
  class space    used 3531K, capacity 3766K, committed 3840K, reserved 385024K
}
Event: 132.202 GC heap before
{Heap before GC invocations=5 (full 0):
 garbage-first heap   total 262144K, used 125450K [0x00000000e0000000, 0x0000000100000000)
  region size 1024K, 104 young (106496K), 3 survivors (3072K)
 Metaspace       used 33922K, capacity 34843K, committed 35120K, reserved 415744K
  class space    used 4549K, capacity 4894K, committed 4992K, reserved 385024K
}
Event: 132.220 GC heap after
{Heap after GC invocations=6 (full 0):
 garbage-first heap   total 262144K, used 24383K [0x00000000e0000000, 0x0000000100000000)
  region size 1024K, 5 young (5120K), 5 survivors (5120K)
 Metaspace       used 33922K, capacity 34843K, committed 35120K, reserved 415744K
  class space    used 4549K, capacity 4894K, committed 4992K, reserved 385024K
}
Event: 132.613 GC heap before
{Heap before GC invocations=6 (full 0):
 garbage-first heap   total 262144K, used 32575K [0x00000000e0000000, 0x0000000100000000)
  region size 1024K, 14 young (14336K), 5 survivors (5120K)
 Metaspace       used 34855K, capacity 35811K, committed 35920K, reserved 417792K
  class space    used 4698K, capacity 5070K, committed 5120K, reserved 385024K
}
Event: 132.620 GC heap after
{Heap after GC invocations=7 (full 0):
 garbage-first heap   total 262144K, used 24718K [0x00000000e0000000, 0x0000000100000000)
  region size 1024K, 6 young (6144K), 6 survivors (6144K)
 Metaspace       used 34855K, capacity 35811K, committed 35920K, reserved 417792K
  class space    used 4698K, capacity 5070K, committed 5120K, reserved 385024K
}

